FILE_TYPE=LIBRARY_PARTS;
PRIMITIVE 'BAS_52_02V_H6327','BAS_52_02V_H6327_Small Outline Diode Flat Lead';
  PIN
    'K':
      PIN_NUMBER='(1)';
      NO_LOAD_CHECK=BOTH;
      NO_IO_CHECK=BOTH;
      ALLOW_CONNECT=TRUE;
      PINUSE='UNSPEC';
    'A':
      PIN_NUMBER='(2)';
      NO_LOAD_CHECK=BOTH;
      NO_IO_CHECK=BOTH;
      ALLOW_CONNECT=TRUE;
      PINUSE='UNSPEC';
  END_PIN;
  BODY
    PART_NAME='BAS_52_02V_H6327';
    PHYS_DES_PREFIX='D';
    NO_LOAD_CHECK='TRUE';
    PIN_COUNT='2';
    BODY_NAME='BAS_52_02V_H6327';
    JEDEC_TYPE='SODFL1608X59N';
  END_BODY;
END_PRIMITIVE;
END.
